C> (client:10735:0x2adead84ab20) [2011-01-31:10-30-53] [2-0-0-0x720270-MqLinkPrepare]: PREPARE: io->com<PIPE>
C> (client:10735:0x2adead84ab20) [2011-01-31:10-30-53] [2-0-0-0x720270-MqLinkCreate]: START: io->com<PIPE>
C> (client:10735:0x2adead84ab20) [2011-01-31:10-30-53] [5-0-0-0x720270-pTokenAddHdl]: HANDEL SERVICE ADD +TRT: proc<0x4d7e37>, data<(nil)>
C> (client:10735:0x2adead84ab20) [2011-01-31:10-30-53] [4-0-0-0x720270-pSqlCreate]: TLS-Id<0x726fb0>
C> (client:10735:0x2adead84ab20) [2011-01-31:10-30-53] [4-0-0-0x720270-pEventCreate]: TLS-Id<0x727120>
C> (client:10735:0x2adead84ab20) [2011-01-31:10-30-53] [4-0-0-0x720270-PipeCreate]: create SOCKETPAIR -> sock[0]<3>, sock[1]<4>
C> (client:10735:0x2adead84ab20) [2011-01-31:10-30-53] [4-0-0-0x720270-MqLinkConnect]: START
C> (client:10735:0x2adead84ab20) [2011-01-31:10-30-53] [5-0-0-0x720270-SysCloseSocket]: pIoStartServer - close socket<4>
C> (client:10735:0x2adead84ab20) [2011-01-31:10-30-53] [4-0-0-0x720270-pIoStartServer]: finish start server './server' as 'spawn' with ID '10736'
C> (client:10735:0x2adead84ab20) [2011-01-31:10-30-53] [4-0-0-0x720270-pEventAdd]: TLS-Id<0x727120> Socket<3> DataLCur<0>
C> (client:10735:0x2adead84ab20) [2011-01-31:10-30-53] [4-0-0-0x720270-MqLinkConnect]: send token<_IAA>
C> (client:10735:0x2adead84ab20) [2011-01-31:10-30-53] [6-0-0-0x720270-MqProcessEvent]: START
C> (client:10735:0x2adead84ab20) [2011-01-31:10-30-53] [6-0-1-0x720270-pWaitOnEvent]: START loop
S> (server:10736:0x2aaca67d1b20) [2011-01-31:10-30-53] [2-0-1-0x722d20-MqLinkPrepare]: PREPARE: io->com<PIPE>
S> (server:10736:0x2aaca67d1b20) [2011-01-31:10-30-53] [2-0-1-0x722d20-MqLinkCreate]: START: io->com<PIPE>
S> (server:10736:0x2aaca67d1b20) [2011-01-31:10-30-53] [5-0-1-0x722d20-pTokenAddHdl]: HANDEL SERVICE ADD +TRT: proc<0x4da13f>, data<(nil)>
S> (server:10736:0x2aaca67d1b20) [2011-01-31:10-30-53] [4-0-1-0x722d20-pSqlCreate]: TLS-Id<0x729410>
S> (server:10736:0x2aaca67d1b20) [2011-01-31:10-30-53] [4-0-1-0x722d20-pEventCreate]: TLS-Id<0x729580>
S> (server:10736:0x2aaca67d1b20) [2011-01-31:10-30-53] [4-0-1-0x722d20-PipeCreate]: get SOCKET -> 4
S> (server:10736:0x2aaca67d1b20) [2011-01-31:10-30-53] [4-0-1-0x722d20-pEventAdd]: TLS-Id<0x729580> Socket<4> DataLCur<0>
S> (server:10736:0x2aaca67d1b20) [2011-01-31:10-30-53] [4-0-1-0x722d20-sWaitForToken]: wait for token<_IAA>
S> (server:10736:0x2aaca67d1b20) [2011-01-31:10-30-53] [6-0-1-0x722d20-MqProcessEvent]: START
S> (server:10736:0x2aaca67d1b20) [2011-01-31:10-30-53] [6-0-2-0x722d20-pWaitOnEvent]: START loop
S> (server:10736:0x2aaca67d1b20) [2011-01-31:10-30-53] [6-0-2-0x722d20-pWaitOnEvent]: END-OK
S> (server:10736:0x2aaca67d1b20) [2011-01-31:10-30-53] [6-0-3-0x722d20-sMqEventStart]: START
S> (server:10736:0x2aaca67d1b20) [2011-01-31:10-30-53] [5-0-3-0x722d20-pReadHDR]: HEADER <HDR+       0+      48+_IAA+1++++S+> ...
S> (server:10736:0x2aaca67d1b20) [2011-01-31:10-30-53] [6-0-3-0x722d20-pReadHDR]: BDY -> 72 bytes
S> (server:10736:0x2aaca67d1b20) [2011-01-31:10-30-53] [7-0-3-0x722d20-pReadHDR]: >>>>> BDY size<59> numItems<4>
S> (server:10736:0x2aaca67d1b20) [2011-01-31:10-30-53] [7-0-3-0x722d20-pReadHDR]:       1 : STR : 0
S> (server:10736:0x2aaca67d1b20) [2011-01-31:10-30-53] [7-0-3-0x722d20-pReadHDR]:       1 : STR : 0
S> (server:10736:0x2aaca67d1b20) [2011-01-31:10-30-53] [7-0-3-0x722d20-pReadHDR]:       9 : STR : libmsgque
S> (server:10736:0x2aaca67d1b20) [2011-01-31:10-30-53] [7-0-3-0x722d20-pReadHDR]:       0 : STR : 
S> (server:10736:0x2aaca67d1b20) [2011-01-31:10-30-53] [7-0-3-0x722d20-pReadHDR]: <<<<< BDY
S> (server:10736:0x2aaca67d1b20) [2011-01-31:10-30-53] [5-0-3-0x722d20-pTokenCheckSystem]: check token<_IAA>
C> (client:10735:0x2adead84ab20) [2011-01-31:10-30-53] [6-0-1-0x720270-pWaitOnEvent]: END-OK
C> (client:10735:0x2adead84ab20) [2011-01-31:10-30-53] [6-0-2-0x720270-sMqEventStart]: START
C> (client:10735:0x2adead84ab20) [2011-01-31:10-30-53] [5-0-2-0x720270-pReadHDR]: HEADER <HDR+       0+      2c+_SRT+1++++O+> ...
C> (client:10735:0x2adead84ab20) [2011-01-31:10-30-53] [6-0-2-0x720270-pReadHDR]: BDY -> 44 bytes
C> (client:10735:0x2adead84ab20) [2011-01-31:10-30-53] [5-0-2-0x720270-pTokenCheckSystem]: check token<_SRT>
C> (client:10735:0x2adead84ab20) [2011-01-31:10-30-53] [6-0-1-0x720270-MqProcessEvent]: END-OK
C> (client:10735:0x2adead84ab20) [2011-01-31:10-30-53] [4-0-0-0x720270-sWaitForToken]: wait for token<_PEO>
C> (client:10735:0x2adead84ab20) [2011-01-31:10-30-53] [6-0-0-0x720270-MqProcessEvent]: START
C> (client:10735:0x2adead84ab20) [2011-01-31:10-30-53] [6-0-1-0x720270-pWaitOnEvent]: START loop
S> (server:10736:0x2aaca67d1b20) [2011-01-31:10-30-53] [6-0-2-0x722d20-MqProcessEvent]: END-OK
S> (server:10736:0x2aaca67d1b20) [2011-01-31:10-30-53] [4-0-1-0x722d20-sWaitForToken]: got token<_IAA>
S> (server:10736:0x2aaca67d1b20) [2011-01-31:10-30-53] [8-0-1-0x722d20-MqLinkCreate]: call: ServerSetup -> START
S> (server:10736:0x2aaca67d1b20) [2011-01-31:10-30-53] [5-0-2-0x722d20-pTokenAddHdl]: HANDEL SERVICE ADD CSV1: proc<0x4037eb>, data<(nil)>
S> (server:10736:0x2aaca67d1b20) [2011-01-31:10-30-53] [5-0-2-0x722d20-pTokenAddHdl]: HANDEL SERVICE ADD ERR1: proc<0x402c9c>, data<(nil)>
S> (server:10736:0x2aaca67d1b20) [2011-01-31:10-30-53] [5-0-2-0x722d20-pTokenAddHdl]: HANDEL SERVICE ADD ERR2: proc<0x402cd2>, data<(nil)>
S> (server:10736:0x2aaca67d1b20) [2011-01-31:10-30-53] [5-0-2-0x722d20-pTokenAddHdl]: HANDEL SERVICE ADD ERR3: proc<0x402d28>, data<(nil)>
S> (server:10736:0x2aaca67d1b20) [2011-01-31:10-30-53] [5-0-2-0x722d20-pTokenAddHdl]: HANDEL SERVICE ADD ERR4: proc<0x402d5e>, data<(nil)>
S> (server:10736:0x2aaca67d1b20) [2011-01-31:10-30-53] [5-0-2-0x722d20-pTokenAddHdl]: HANDEL SERVICE ADD ERRT: proc<0x402d78>, data<(nil)>
S> (server:10736:0x2aaca67d1b20) [2011-01-31:10-30-53] [5-0-2-0x722d20-pTokenAddHdl]: HANDEL SERVICE ADD ECOU: proc<0x402dc6>, data<(nil)>
S> (server:10736:0x2aaca67d1b20) [2011-01-31:10-30-53] [5-0-2-0x722d20-pTokenAddHdl]: HANDEL SERVICE ADD ECON: proc<0x402e1e>, data<(nil)>
S> (server:10736:0x2aaca67d1b20) [2011-01-31:10-30-53] [5-0-2-0x722d20-pTokenAddHdl]: HANDEL SERVICE ADD ECOI: proc<0x402eaa>, data<(nil)>
S> (server:10736:0x2aaca67d1b20) [2011-01-31:10-30-53] [5-0-2-0x722d20-pTokenAddHdl]: HANDEL SERVICE ADD ECOY: proc<0x402f5a>, data<(nil)>
S> (server:10736:0x2aaca67d1b20) [2011-01-31:10-30-53] [5-0-2-0x722d20-pTokenAddHdl]: HANDEL SERVICE ADD ECOO: proc<0x402fb4>, data<(nil)>
S> (server:10736:0x2aaca67d1b20) [2011-01-31:10-30-53] [5-0-2-0x722d20-pTokenAddHdl]: HANDEL SERVICE ADD ECOS: proc<0x402f00>, data<(nil)>
S> (server:10736:0x2aaca67d1b20) [2011-01-31:10-30-53] [5-0-2-0x722d20-pTokenAddHdl]: HANDEL SERVICE ADD ECOW: proc<0x40300e>, data<(nil)>
S> (server:10736:0x2aaca67d1b20) [2011-01-31:10-30-53] [5-0-2-0x722d20-pTokenAddHdl]: HANDEL SERVICE ADD ECOD: proc<0x403066>, data<(nil)>
S> (server:10736:0x2aaca67d1b20) [2011-01-31:10-30-53] [5-0-2-0x722d20-pTokenAddHdl]: HANDEL SERVICE ADD ECOF: proc<0x4030bc>, data<(nil)>
S> (server:10736:0x2aaca67d1b20) [2011-01-31:10-30-53] [5-0-2-0x722d20-pTokenAddHdl]: HANDEL SERVICE ADD ECOC: proc<0x403112>, data<(nil)>
S> (server:10736:0x2aaca67d1b20) [2011-01-31:10-30-53] [5-0-2-0x722d20-pTokenAddHdl]: HANDEL SERVICE ADD ECOB: proc<0x40316a>, data<(nil)>
S> (server:10736:0x2aaca67d1b20) [2011-01-31:10-30-53] [5-0-2-0x722d20-pTokenAddHdl]: HANDEL SERVICE ADD ECLI: proc<0x4032e1>, data<(nil)>
S> (server:10736:0x2aaca67d1b20) [2011-01-31:10-30-53] [5-0-2-0x722d20-pTokenAddHdl]: HANDEL SERVICE ADD ECOL: proc<0x403388>, data<(nil)>
S> (server:10736:0x2aaca67d1b20) [2011-01-31:10-30-53] [5-0-2-0x722d20-pTokenAddHdl]: HANDEL SERVICE ADD ECOM: proc<0x4035c3>, data<(nil)>
S> (server:10736:0x2aaca67d1b20) [2011-01-31:10-30-53] [5-0-2-0x722d20-pTokenAddHdl]: HANDEL SERVICE ADD ECUL: proc<0x403408>, data<(nil)>
S> (server:10736:0x2aaca67d1b20) [2011-01-31:10-30-53] [5-0-2-0x722d20-pTokenAddHdl]: HANDEL SERVICE ADD GETU: proc<0x403a5e>, data<(nil)>
S> (server:10736:0x2aaca67d1b20) [2011-01-31:10-30-53] [5-0-2-0x722d20-pTokenAddHdl]: HANDEL SERVICE ADD GTCX: proc<0x4038a9>, data<(nil)>
S> (server:10736:0x2aaca67d1b20) [2011-01-31:10-30-53] [5-0-2-0x722d20-pTokenAddHdl]: HANDEL SERVICE ADD GTTO: proc<0x4038ef>, data<(nil)>
S> (server:10736:0x2aaca67d1b20) [2011-01-31:10-30-53] [5-0-2-0x722d20-pTokenAddHdl]: HANDEL SERVICE ADD GTSI: proc<0x403937>, data<(nil)>
S> (server:10736:0x2aaca67d1b20) [2011-01-31:10-30-53] [5-0-2-0x722d20-pTokenAddHdl]: HANDEL SERVICE ADD MSQT: proc<0x403612>, data<(nil)>
S> (server:10736:0x2aaca67d1b20) [2011-01-31:10-30-53] [5-0-2-0x722d20-pTokenAddHdl]: HANDEL SERVICE ADD RDUL: proc<0x40352a>, data<(nil)>
S> (server:10736:0x2aaca67d1b20) [2011-01-31:10-30-53] [5-0-2-0x722d20-pTokenAddHdl]: HANDEL SERVICE ADD REDI: proc<0x403afa>, data<(nil)>
S> (server:10736:0x2aaca67d1b20) [2011-01-31:10-30-53] [5-0-2-0x722d20-pTokenAddHdl]: HANDEL SERVICE ADD SETU: proc<0x403a32>, data<(nil)>
S> (server:10736:0x2aaca67d1b20) [2011-01-31:10-30-53] [5-0-2-0x722d20-pTokenAddHdl]: HANDEL SERVICE ADD SLEP: proc<0x403705>, data<(nil)>
S> (server:10736:0x2aaca67d1b20) [2011-01-31:10-30-53] [5-0-2-0x722d20-pTokenAddHdl]: HANDEL SERVICE ADD SND1: proc<0x404202>, data<(nil)>
S> (server:10736:0x2aaca67d1b20) [2011-01-31:10-30-53] [5-0-2-0x722d20-pTokenAddHdl]: HANDEL SERVICE ADD SND2: proc<0x404847>, data<(nil)>
S> (server:10736:0x2aaca67d1b20) [2011-01-31:10-30-53] [5-0-2-0x722d20-pTokenAddHdl]: HANDEL SERVICE ADD USLP: proc<0x40377a>, data<(nil)>
S> (server:10736:0x2aaca67d1b20) [2011-01-31:10-30-53] [5-0-2-0x722d20-pTokenAddHdl]: HANDEL SERVICE ADD BUF1: proc<0x403b1f>, data<(nil)>
S> (server:10736:0x2aaca67d1b20) [2011-01-31:10-30-53] [5-0-2-0x722d20-pTokenAddHdl]: HANDEL SERVICE ADD BUF2: proc<0x403d32>, data<(nil)>
S> (server:10736:0x2aaca67d1b20) [2011-01-31:10-30-53] [5-0-2-0x722d20-pTokenAddHdl]: HANDEL SERVICE ADD BUF3: proc<0x403ddd>, data<(nil)>
S> (server:10736:0x2aaca67d1b20) [2011-01-31:10-30-53] [5-0-2-0x722d20-pTokenAddHdl]: HANDEL SERVICE ADD LST1: proc<0x403eb4>, data<(nil)>
S> (server:10736:0x2aaca67d1b20) [2011-01-31:10-30-53] [5-0-2-0x722d20-pTokenAddHdl]: HANDEL SERVICE ADD LST2: proc<0x403eea>, data<(nil)>
S> (server:10736:0x2aaca67d1b20) [2011-01-31:10-30-53] [5-0-2-0x722d20-pTokenAddHdl]: HANDEL SERVICE ADD INIT: proc<0x404f04>, data<(nil)>
S> (server:10736:0x2aaca67d1b20) [2011-01-31:10-30-53] [5-0-2-0x722d20-pTokenAddHdl]: HANDEL SERVICE ADD CNFG: proc<0x404f3e>, data<(nil)>
S> (server:10736:0x2aaca67d1b20) [2011-01-31:10-30-53] [5-0-2-0x722d20-pTokenAddHdl]: HANDEL SERVICE ADD ERLR: proc<0x405067>, data<(nil)>
S> (server:10736:0x2aaca67d1b20) [2011-01-31:10-30-53] [5-0-2-0x722d20-pTokenAddHdl]: HANDEL SERVICE ADD ERLS: proc<0x4050b3>, data<(nil)>
S> (server:10736:0x2aaca67d1b20) [2011-01-31:10-30-53] [5-0-2-0x722d20-pTokenAddHdl]: HANDEL SERVICE ADD CFG1: proc<0x405141>, data<(nil)>
S> (server:10736:0x2aaca67d1b20) [2011-01-31:10-30-53] [5-0-2-0x722d20-pTokenAddHdl]: HANDEL SERVICE ADD PRNT: proc<0x405dfb>, data<(nil)>
S> (server:10736:0x2aaca67d1b20) [2011-01-31:10-30-53] [5-0-2-0x722d20-pTokenAddHdl]: HANDEL SERVICE ADD TRNS: proc<0x405f33>, data<(nil)>
S> (server:10736:0x2aaca67d1b20) [2011-01-31:10-30-53] [5-0-2-0x722d20-pTokenAddHdl]: HANDEL SERVICE ADD TRN2: proc<0x405e9c>, data<(nil)>
S> (server:10736:0x2aaca67d1b20) [2011-01-31:10-30-53] [8-0-1-0x722d20-MqLinkCreate]: call: ServerSetup -> END
S> (server:10736:0x2aaca67d1b20) [2011-01-31:10-30-53] [2-0-1-0x722d20-MqLinkCreate]: END string<no>, silent<no>, debug<9>, endian<0>
S> (server:10736:0x2aaca67d1b20) [2011-01-31:10-30-53] [1-0-0-0x722d20-test]: this is the log test
S> (server:10736:0x2aaca67d1b20) [2011-01-31:10-30-53] [4-0-0-0x722d20-MqProcessEvent]: send token<_PEO>
C> (client:10735:0x2adead84ab20) [2011-01-31:10-30-53] [6-0-1-0x720270-pWaitOnEvent]: END-OK
C> (client:10735:0x2adead84ab20) [2011-01-31:10-30-53] [6-0-2-0x720270-sMqEventStart]: START
C> (client:10735:0x2adead84ab20) [2011-01-31:10-30-53] [5-0-2-0x720270-pReadHDR]: HEADER <HDR+       0+       0+_PEO+0++++S+> ...
C> (client:10735:0x2adead84ab20) [2011-01-31:10-30-53] [5-0-2-0x720270-pTokenCheckSystem]: check token<_PEO>
C> (client:10735:0x2adead84ab20) [2011-01-31:10-30-53] [6-0-1-0x720270-MqProcessEvent]: END-OK
C> (client:10735:0x2adead84ab20) [2011-01-31:10-30-53] [4-0-0-0x720270-sWaitForToken]: got token<_PEO>
C> (client:10735:0x2adead84ab20) [2011-01-31:10-30-53] [4-0-0-0x720270-MqLinkConnect]: END
C> (client:10735:0x2adead84ab20) [2011-01-31:10-30-53] [2-0-0-0x720270-MqLinkCreate]: END string<no>, silent<no>, debug<9>, endian<0>
C> (client:10735:0x2adead84ab20) [2011-01-31:10-30-53] [6-0-0-0x720270-MqProcessEvent]: START
C> (client:10735:0x2adead84ab20) [2011-01-31:10-30-53] [6-0-1-0x720270-pWaitOnEvent]: START loop
S> (server:10736:0x2aaca67d1b20) [2011-01-31:10-30-53] [6-0-0-0x722d20-MqProcessEvent]: START
S> (server:10736:0x2aaca67d1b20) [2011-01-31:10-30-53] [6-0-1-0x722d20-pWaitOnEvent]: START loop
S> (server:10736:0x2aaca67d1b20) [2011-01-31:10-30-53] [6-0-1-0x722d20-pWaitOnEvent]: END-OK
S> (server:10736:0x2aaca67d1b20) [2011-01-31:10-30-53] [6-0-2-0x722d20-sMqEventStart]: START
S> (server:10736:0x2aaca67d1b20) [2011-01-31:10-30-53] [5-0-2-0x722d20-pReadHDR]: HEADER <HDR+       0+     401+ECOU+1++++S+> ...
S> (server:10736:0x2aaca67d1b20) [2011-01-31:10-30-53] [6-0-2-0x722d20-pReadHDR]: BDY -> 1025 bytes
S> (server:10736:0x2aaca67d1b20) [2011-01-31:10-30-53] [7-0-2-0x722d20-pReadHDR]: >>>>> BDY size<1012> numItems<1>
S> (server:10736:0x2aaca67d1b20) [2011-01-31:10-30-53] [7-0-2-0x722d20-pReadHDR]:    1000 : BIN : ?binary?
S> (server:10736:0x2aaca67d1b20) [2011-01-31:10-30-53] [7-0-2-0x722d20-pReadHDR]: <<<<< BDY
S> (server:10736:0x2aaca67d1b20) [2011-01-31:10-30-53] [5-0-2-0x722d20-pTokenCheckSystem]: check token<ECOU>
C> (client:10735:0x2adead84ab20) [2011-01-31:10-30-53] [6-0-1-0x720270-pWaitOnEvent]: END-OK
C> (client:10735:0x2adead84ab20) [2011-01-31:10-30-53] [6-0-2-0x720270-sMqEventStart]: START
C> (client:10735:0x2adead84ab20) [2011-01-31:10-30-53] [5-0-2-0x720270-pReadHDR]: HEADER <HDR+       0+     401+_RET+1++++O+> ...
C> (client:10735:0x2adead84ab20) [2011-01-31:10-30-53] [6-0-2-0x720270-pReadHDR]: BDY -> 1025 bytes
C> (client:10735:0x2adead84ab20) [2011-01-31:10-30-53] [7-0-2-0x720270-pReadHDR]: >>>>> BDY size<1012> numItems<1>
C> (client:10735:0x2adead84ab20) [2011-01-31:10-30-53] [7-0-2-0x720270-pReadHDR]:    1000 : BIN : ?binary?
C> (client:10735:0x2adead84ab20) [2011-01-31:10-30-53] [7-0-2-0x720270-pReadHDR]: <<<<< BDY
C> (client:10735:0x2adead84ab20) [2011-01-31:10-30-53] [5-0-2-0x720270-pTokenCheckSystem]: check token<_RET>
C> (client:10735:0x2adead84ab20) [2011-01-31:10-30-53] [6-0-1-0x720270-MqProcessEvent]: END-OK
C> (client:10735:0x2adead84ab20) [2011-01-31:10-30-53] [0-0-0-0x720270-main]: start: --------------------------------------
C> (client:10735:0x2adead84ab20) [2011-01-31:10-30-53] [6-0-0-0x720270-MqProcessEvent]: START
C> (client:10735:0x2adead84ab20) [2011-01-31:10-30-53] [6-0-1-0x720270-pWaitOnEvent]: START loop
S> (server:10736:0x2aaca67d1b20) [2011-01-31:10-30-53] [6-0-2-0x722d20-sMqEventStart]: END-OK
S> (server:10736:0x2aaca67d1b20) [2011-01-31:10-30-53] [6-0-1-0x722d20-pWaitOnEvent]: START loop
S> (server:10736:0x2aaca67d1b20) [2011-01-31:10-30-53] [6-0-1-0x722d20-pWaitOnEvent]: END-OK
S> (server:10736:0x2aaca67d1b20) [2011-01-31:10-30-53] [6-0-2-0x722d20-sMqEventStart]: START
S> (server:10736:0x2aaca67d1b20) [2011-01-31:10-30-53] [5-0-2-0x722d20-pReadHDR]: HEADER <HDR+       0+      35+ECUL+1++++S+> ...
S> (server:10736:0x2aaca67d1b20) [2011-01-31:10-30-53] [6-0-2-0x722d20-pReadHDR]: BDY -> 53 bytes
S> (server:10736:0x2aaca67d1b20) [2011-01-31:10-30-53] [7-0-2-0x722d20-pReadHDR]: >>>>> BDY size<40> numItems<5>
S> (server:10736:0x2aaca67d1b20) [2011-01-31:10-30-53] [7-0-2-0x722d20-pReadHDR]:       1 : BYT : -128
S> (server:10736:0x2aaca67d1b20) [2011-01-31:10-30-53] [7-0-2-0x722d20-pReadHDR]:       2 : SRT : -32768
S> (server:10736:0x2aaca67d1b20) [2011-01-31:10-30-53] [7-0-2-0x722d20-pReadHDR]:       4 : INT : -2147483648
S> (server:10736:0x2aaca67d1b20) [2011-01-31:10-30-53] [7-0-2-0x722d20-pReadHDR]:       8 : WID : -9223372036854775808
S> (server:10736:0x2aaca67d1b20) [2011-01-31:10-30-53] [7-0-2-0x722d20-pReadHDR]:       1 : BIN : ?binary?
S> (server:10736:0x2aaca67d1b20) [2011-01-31:10-30-53] [7-0-2-0x722d20-pReadHDR]: <<<<< BDY
S> (server:10736:0x2aaca67d1b20) [2011-01-31:10-30-53] [5-0-2-0x722d20-pTokenCheckSystem]: check token<ECUL>
C> (client:10735:0x2adead84ab20) [2011-01-31:10-30-53] [6-0-1-0x720270-pWaitOnEvent]: END-OK
C> (client:10735:0x2adead84ab20) [2011-01-31:10-30-53] [6-0-2-0x720270-sMqEventStart]: START
C> (client:10735:0x2adead84ab20) [2011-01-31:10-30-53] [5-0-2-0x720270-pReadHDR]: HEADER <HDR+       0+      35+_RET+1++++O+> ...
C> (client:10735:0x2adead84ab20) [2011-01-31:10-30-53] [6-0-2-0x720270-pReadHDR]: BDY -> 53 bytes
C> (client:10735:0x2adead84ab20) [2011-01-31:10-30-53] [7-0-2-0x720270-pReadHDR]: >>>>> BDY size<40> numItems<5>
C> (client:10735:0x2adead84ab20) [2011-01-31:10-30-53] [7-0-2-0x720270-pReadHDR]:       1 : BYT : -128
C> (client:10735:0x2adead84ab20) [2011-01-31:10-30-53] [7-0-2-0x720270-pReadHDR]:       2 : SRT : -32768
C> (client:10735:0x2adead84ab20) [2011-01-31:10-30-53] [7-0-2-0x720270-pReadHDR]:       4 : INT : -2147483648
C> (client:10735:0x2adead84ab20) [2011-01-31:10-30-53] [7-0-2-0x720270-pReadHDR]:       8 : WID : -9223372036854775808
C> (client:10735:0x2adead84ab20) [2011-01-31:10-30-53] [7-0-2-0x720270-pReadHDR]:       1 : BIN : ?binary?
C> (client:10735:0x2adead84ab20) [2011-01-31:10-30-53] [7-0-2-0x720270-pReadHDR]: <<<<< BDY
C> (client:10735:0x2adead84ab20) [2011-01-31:10-30-53] [5-0-2-0x720270-pTokenCheckSystem]: check token<_RET>
C> (client:10735:0x2adead84ab20) [2011-01-31:10-30-53] [6-0-1-0x720270-MqProcessEvent]: END-OK
C> (client:10735:0x2adead84ab20) [2011-01-31:10-30-53] [0-0-0-0x720270-statistics]:             MqSendEND_AND_WAIT:     341.00
C> (client:10735:0x2adead84ab20) [2011-01-31:10-30-53] [0-0-0-0x720270-main]: end: ----------------------------------------
C> (client:10735:0x2adead84ab20) [2011-01-31:10-30-53] [3-0-0-0x720270-MqExitP]: called from 'main'
C> (client:10735:0x2adead84ab20) [2011-01-31:10-30-53] [4-0-0-0x720270-pMqShutdown]: START - called from 'MqLinkDelete'
C> (client:10735:0x2adead84ab20) [2011-01-31:10-30-53] [4-0-0-0x720270-pMqShutdown]: send token<_SHD>
C> (client:10735:0x2adead84ab20) [2011-01-31:10-30-53] [6-0-0-0x720270-MqProcessEvent]: START
C> (client:10735:0x2adead84ab20) [2011-01-31:10-30-53] [6-0-1-0x720270-pWaitOnEvent]: START loop
S> (server:10736:0x2aaca67d1b20) [2011-01-31:10-30-53] [6-0-2-0x722d20-sMqEventStart]: END-OK
S> (server:10736:0x2aaca67d1b20) [2011-01-31:10-30-53] [6-0-1-0x722d20-pWaitOnEvent]: START loop
S> (server:10736:0x2aaca67d1b20) [2011-01-31:10-30-53] [6-0-1-0x722d20-pWaitOnEvent]: END-OK
S> (server:10736:0x2aaca67d1b20) [2011-01-31:10-30-53] [6-0-2-0x722d20-sMqEventStart]: START
S> (server:10736:0x2aaca67d1b20) [2011-01-31:10-30-53] [5-0-2-0x722d20-pReadHDR]: HEADER <HDR+       0+       0+_SHD+1++++S+> ...
S> (server:10736:0x2aaca67d1b20) [2011-01-31:10-30-53] [5-0-2-0x722d20-pTokenCheckSystem]: check token<_SHD>
S> (server:10736:0x2aaca67d1b20) [2011-01-31:10-30-53] [4-0-3-0x722d20-pMqShutdown]: START - called from 'MqLinkDelete'
C> (client:10735:0x2adead84ab20) [2011-01-31:10-30-53] [6-0-1-0x720270-pWaitOnEvent]: END-OK
C> (client:10735:0x2adead84ab20) [2011-01-31:10-30-53] [6-0-2-0x720270-sMqEventStart]: START
C> (client:10735:0x2adead84ab20) [2011-01-31:10-30-53] [5-0-2-0x720270-pReadHDR]: HEADER <HDR+       0+       0+_RET+1++++O+> ...
C> (client:10735:0x2adead84ab20) [2011-01-31:10-30-53] [5-0-2-0x720270-pTokenCheckSystem]: check token<_RET>
C> (client:10735:0x2adead84ab20) [2011-01-31:10-30-53] [6-0-1-0x720270-MqProcessEvent]: END-OK
C> (client:10735:0x2adead84ab20) [2011-01-31:10-30-53] [4-0-0-0x720270-pEventDel]: sock<3> DataLCur<0>
C> (client:10735:0x2adead84ab20) [2011-01-31:10-30-53] [4-0-0-0x720270-pMqShutdown]: END shutdown
C> (client:10735:0x2adead84ab20) [2011-01-31:10-30-53] [4-0-0-0x720270-pEventDel]: sock<-1> DataLCur<0>
C> (client:10735:0x2adead84ab20) [2011-01-31:10-30-53] [5-0-0-0x720270-SysCloseSocket]: PipeDelete - shutdown socket<3>
C> (client:10735:0x2adead84ab20) [2011-01-31:10-30-53] [5-0-0-0x720270-SysCloseSocket]: PipeDelete - close socket<3>
C> (client:10735:0x2adead84ab20) [2011-01-31:10-30-53] [2-0-0-0x720270-MqLinkDelete]: DELETE 
C> (client:10735:0x2adead84ab20) [2011-01-31:10-30-53] [3-0-0-0x720270-MqContextDelete]: DELETE
C> (client:10735:0x2adead84ab20) [2011-01-31:10-30-53] [3-0-0-0x720270-MqContextFree]: FREE
S> (server:10736:0x2aaca67d1b20) [2011-01-31:10-30-53] [4-0-3-0x722d20-pEventDel]: sock<4> DataLCur<0>
S> (server:10736:0x2aaca67d1b20) [2011-01-31:10-30-53] [4-0-3-0x722d20-pMqShutdown]: END shutdown
S> (server:10736:0x2aaca67d1b20) [2011-01-31:10-30-53] [5-0-3-0x722d20-SysCloseSocket]: PipeDelete - shutdown socket<4>
S> (server:10736:0x2aaca67d1b20) [2011-01-31:10-30-53] [5-0-3-0x722d20-SysCloseSocket]: PipeDelete - close socket<4>
S> (server:10736:0x2aaca67d1b20) [2011-01-31:10-30-53] [2-0-3-0x722d20-MqLinkDelete]: DELETE with FACTORY
S> (server:10736:0x2aaca67d1b20) [2011-01-31:10-30-53] [3-0-3-0x722d20-MqContextDelete]: DELETE protection
S> (server:10736:0x2aaca67d1b20) [2011-01-31:10-30-53] [4-0-3-0x722d20-pGcCreate]: TSD-Id<0x729650>, DataLCur<0>
S> (server:10736:0x2aaca67d1b20) [2011-01-31:10-30-53] [3-0-2-0x722d20-MqErrorSetEXITP]: called from pTokenCheckSystem
S> (server:10736:0x2aaca67d1b20) [2011-01-31:10-30-53] [5-0-2-0x722d20-sMqEventStart]: detect EXIT in file 'service.c'
S> (server:10736:0x2aaca67d1b20) [2011-01-31:10-30-53] [5-0-1-0x722d20-pEventStart]: detect EXIT in file 'event.c'
S> (server:10736:0x2aaca67d1b20) [2011-01-31:10-30-53] [5-0-1-0x722d20-MqProcessEvent]: detect EXIT in file 'service.c'
S> (server:10736:0x2aaca67d1b20) [2011-01-31:10-30-53] [3-0-0-0x722d20-MqExitP]: called from 'main'
S> (server:10736:0x2aaca67d1b20) [2011-01-31:10-30-53] [8-0-0-0x722d20-sGcDeleteAll]: FORCE delete
S> (server:10736:0x2aaca67d1b20) [2011-01-31:10-30-53] [3-0-0-0x722d20-MqContextDelete]: DELETE
S> (server:10736:0x2aaca67d1b20) [2011-01-31:10-30-53] [3-0-0-0x722d20-MqContextFree]: FREE
