C> (client:25152) [2009-10-16:10-02-26] [2-0-0x620bc0-MqLinkCreate]: START-CREATE
C> (client:25152) [2009-10-16:10-02-26] [4-0-0x620bc0-sIoCheckArg]: option:  io->com = PIPE
C> (client:25152) [2009-10-16:10-02-26] [4-0-0x620bc0-pEventCreate]: TSD-Id<0x626f60>, Thread-Id<0x2b00f42996f0>
C> (client:25152) [2009-10-16:10-02-26] [4-0-0x620bc0-PipeCreate]: create SOCKETPAIR -> sock[0]<3>, sock[1]<4>
S> (server:25153) [2009-10-16:10-02-26] [2-0-0x621010-MqLinkCreate]: START-CREATE
S> (server:25153) [2009-10-16:10-02-26] [4-0-0x621010-sIoCheckArg]: option:  io->com = PIPE
S> (server:25153) [2009-10-16:10-02-26] [4-0-0x621010-pEventCreate]: TSD-Id<0x621bb0>, Thread-Id<0x2b442abdf6f0>
S> (server:25153) [2009-10-16:10-02-26] [4-0-0x621010-PipeCreate]: get SOCKET -> 4
S> (server:25153) [2009-10-16:10-02-26] [4-0-0x621010-pEventAdd]: sock<4> DataLCur<1>
S> (server:25153) [2009-10-16:10-02-26] [4-0-0x621010-pWaitForToken]: wait for token<_IAA>
S> (server:25153) [2009-10-16:10-02-26] [6-0-0x621010-MqProcessEvent]: START
S> (server:25153) [2009-10-16:10-02-26] [6-0-0x621010-pWaitOnEvent]: START loop
C> (client:25152) [2009-10-16:10-02-26] [5-0-0x620bc0-SysCloseSocket]: pIoStartServer - close socket<4>
C> (client:25152) [2009-10-16:10-02-26] [4-0-0x620bc0-pIoStartServer]: finish start server './server' as 'spawn' with ID '25153'
C> (client:25152) [2009-10-16:10-02-26] [4-0-0x620bc0-pEventAdd]: sock<3> DataLCur<1>
C> (client:25152) [2009-10-16:10-02-26] [4-0-0x620bc0-MqLinkCreate]: send token<_IAA>
S> (server:25153) [2009-10-16:10-02-26] [6-0-0x621010-pWaitOnEvent]: END-OK
S> (server:25153) [2009-10-16:10-02-26] [6-0-0x621010-sMqEventStart]: START
S> (server:25153) [2009-10-16:10-02-26] [5-0-0x621010-pReadHDR]: HEADER <HDR+       0+      32+_IAA+1???+O+> ...
S> (server:25153) [2009-10-16:10-02-26] [6-0-0x621010-pReadHDR]: BDY -> 50 bytes
S> (server:25153) [2009-10-16:10-02-26] [7-0-0x621010-pReadHDR]: >>>>> BDY size<37> numItems<3>
S> (server:25153) [2009-10-16:10-02-26] [7-0-0x621010-pReadHDR]:       1 : STR : 0
S> (server:25153) [2009-10-16:10-02-26] [7-0-0x621010-pReadHDR]:       1 : STR : 0
S> (server:25153) [2009-10-16:10-02-26] [7-0-0x621010-pReadHDR]:       0 : STR : 
S> (server:25153) [2009-10-16:10-02-26] [7-0-0x621010-pReadHDR]: <<<<< BDY
S> (server:25153) [2009-10-16:10-02-26] [5-0-0x621010-pTokenCheckSystem]: check token<_IAA>
S> (server:25153) [2009-10-16:10-02-26] [6-0-0x621010-MqProcessEvent]: END-OK
S> (server:25153) [2009-10-16:10-02-26] [4-0-0x621010-pWaitForToken]: got token<_IAA>
S> (server:25153) [2009-10-16:10-02-26] [4-0-0x621010-pTokenAddHdl]: HANDEL SERVICE ADD CSV1: proc<0x402f40>, data<(nil)>
S> (server:25153) [2009-10-16:10-02-26] [4-0-0x621010-pTokenAddHdl]: HANDEL SERVICE ADD ERR1: proc<0x404370>, data<(nil)>
S> (server:25153) [2009-10-16:10-02-26] [4-0-0x621010-pTokenAddHdl]: HANDEL SERVICE ADD ERR2: proc<0x403770>, data<(nil)>
S> (server:25153) [2009-10-16:10-02-26] [4-0-0x621010-pTokenAddHdl]: HANDEL SERVICE ADD ERR3: proc<0x4028f0>, data<(nil)>
S> (server:25153) [2009-10-16:10-02-26] [4-0-0x621010-pTokenAddHdl]: HANDEL SERVICE ADD ERR4: proc<0x404360>, data<(nil)>
S> (server:25153) [2009-10-16:10-02-26] [4-0-0x621010-pTokenAddHdl]: HANDEL SERVICE ADD ECOU: proc<0x4028b0>, data<(nil)>
S> (server:25153) [2009-10-16:10-02-26] [4-0-0x621010-pTokenAddHdl]: HANDEL SERVICE ADD ECON: proc<0x402ee0>, data<(nil)>
S> (server:25153) [2009-10-16:10-02-26] [4-0-0x621010-pTokenAddHdl]: HANDEL SERVICE ADD ECOI: proc<0x402c40>, data<(nil)>
S> (server:25153) [2009-10-16:10-02-26] [4-0-0x621010-pTokenAddHdl]: HANDEL SERVICE ADD ECOY: proc<0x403d30>, data<(nil)>
S> (server:25153) [2009-10-16:10-02-26] [4-0-0x621010-pTokenAddHdl]: HANDEL SERVICE ADD ECOO: proc<0x404320>, data<(nil)>
S> (server:25153) [2009-10-16:10-02-26] [4-0-0x621010-pTokenAddHdl]: HANDEL SERVICE ADD ECOS: proc<0x403d70>, data<(nil)>
S> (server:25153) [2009-10-16:10-02-26] [4-0-0x621010-pTokenAddHdl]: HANDEL SERVICE ADD ECOW: proc<0x403ee0>, data<(nil)>
S> (server:25153) [2009-10-16:10-02-26] [4-0-0x621010-pTokenAddHdl]: HANDEL SERVICE ADD ECOD: proc<0x4042e0>, data<(nil)>
S> (server:25153) [2009-10-16:10-02-26] [4-0-0x621010-pTokenAddHdl]: HANDEL SERVICE ADD ECOF: proc<0x4042a0>, data<(nil)>
S> (server:25153) [2009-10-16:10-02-26] [4-0-0x621010-pTokenAddHdl]: HANDEL SERVICE ADD ECOC: proc<0x402ea0>, data<(nil)>
S> (server:25153) [2009-10-16:10-02-26] [4-0-0x621010-pTokenAddHdl]: HANDEL SERVICE ADD ECOB: proc<0x404260>, data<(nil)>
S> (server:25153) [2009-10-16:10-02-26] [4-0-0x621010-pTokenAddHdl]: HANDEL SERVICE ADD ECLI: proc<0x4041e0>, data<(nil)>
S> (server:25153) [2009-10-16:10-02-26] [4-0-0x621010-pTokenAddHdl]: HANDEL SERVICE ADD ECOL: proc<0x404190>, data<(nil)>
S> (server:25153) [2009-10-16:10-02-26] [4-0-0x621010-pTokenAddHdl]: HANDEL SERVICE ADD ECOM: proc<0x403820>, data<(nil)>
S> (server:25153) [2009-10-16:10-02-26] [4-0-0x621010-pTokenAddHdl]: HANDEL SERVICE ADD ECUL: proc<0x403e20>, data<(nil)>
S> (server:25153) [2009-10-16:10-02-26] [4-0-0x621010-pTokenAddHdl]: HANDEL SERVICE ADD GETU: proc<0x402880>, data<(nil)>
S> (server:25153) [2009-10-16:10-02-26] [4-0-0x621010-pTokenAddHdl]: HANDEL SERVICE ADD GTCX: proc<0x402940>, data<(nil)>
S> (server:25153) [2009-10-16:10-02-26] [4-0-0x621010-pTokenAddHdl]: HANDEL SERVICE ADD GTTO: proc<0x402a20>, data<(nil)>
S> (server:25153) [2009-10-16:10-02-26] [4-0-0x621010-pTokenAddHdl]: HANDEL SERVICE ADD GTSI: proc<0x403fd0>, data<(nil)>
S> (server:25153) [2009-10-16:10-02-26] [4-0-0x621010-pTokenAddHdl]: HANDEL SERVICE ADD MSQT: proc<0x403f20>, data<(nil)>
S> (server:25153) [2009-10-16:10-02-26] [4-0-0x621010-pTokenAddHdl]: HANDEL SERVICE ADD RDUL: proc<0x403db0>, data<(nil)>
S> (server:25153) [2009-10-16:10-02-26] [4-0-0x621010-pTokenAddHdl]: HANDEL SERVICE ADD REDI: proc<0x402c20>, data<(nil)>
S> (server:25153) [2009-10-16:10-02-26] [4-0-0x621010-pTokenAddHdl]: HANDEL SERVICE ADD SETU: proc<0x402800>, data<(nil)>
S> (server:25153) [2009-10-16:10-02-26] [4-0-0x621010-pTokenAddHdl]: HANDEL SERVICE ADD SLEP: proc<0x403ce0>, data<(nil)>
S> (server:25153) [2009-10-16:10-02-26] [4-0-0x621010-pTokenAddHdl]: HANDEL SERVICE ADD SND1: proc<0x4038a0>, data<(nil)>
S> (server:25153) [2009-10-16:10-02-26] [4-0-0x621010-pTokenAddHdl]: HANDEL SERVICE ADD SND2: proc<0x403190>, data<(nil)>
S> (server:25153) [2009-10-16:10-02-26] [4-0-0x621010-pTokenAddHdl]: HANDEL SERVICE ADD USLP: proc<0x402e50>, data<(nil)>
S> (server:25153) [2009-10-16:10-02-26] [4-0-0x621010-pTokenAddHdl]: HANDEL SERVICE ADD BUF1: proc<0x402c90>, data<(nil)>
S> (server:25153) [2009-10-16:10-02-26] [4-0-0x621010-pTokenAddHdl]: HANDEL SERVICE ADD BUF2: proc<0x402ad0>, data<(nil)>
S> (server:25153) [2009-10-16:10-02-26] [4-0-0x621010-pTokenAddHdl]: HANDEL SERVICE ADD BUF3: proc<0x402b60>, data<(nil)>
S> (server:25153) [2009-10-16:10-02-26] [4-0-0x621010-pTokenAddHdl]: HANDEL SERVICE ADD LST1: proc<0x402ab0>, data<(nil)>
S> (server:25153) [2009-10-16:10-02-26] [4-0-0x621010-pTokenAddHdl]: HANDEL SERVICE ADD LST2: proc<0x402a90>, data<(nil)>
S> (server:25153) [2009-10-16:10-02-26] [4-0-0x621010-pTokenAddHdl]: HANDEL SERVICE ADD INIT: proc<0x402a50>, data<(nil)>
S> (server:25153) [2009-10-16:10-02-26] [4-0-0x621010-pTokenAddHdl]: HANDEL SERVICE ADD CNFG: proc<0x402970>, data<(nil)>
S> (server:25153) [2009-10-16:10-02-26] [4-0-0x621010-pTokenAddHdl]: HANDEL SERVICE ADD ERLR: proc<0x402910>, data<(nil)>
S> (server:25153) [2009-10-16:10-02-26] [4-0-0x621010-pTokenAddHdl]: HANDEL SERVICE ADD ERLS: proc<0x402810>, data<(nil)>
S> (server:25153) [2009-10-16:10-02-26] [2-0-0x621010-MqLinkCreate]: END-CREATE string<no>, silent<no>, debug<9>, endian<0>
S> (server:25153) [2009-10-16:10-02-26] [4-0-0x621010-MqProcessEvent]: send token<_PEO>
S> (server:25153) [2009-10-16:10-02-26] [6-0-0x621010-MqProcessEvent]: START
S> (server:25153) [2009-10-16:10-02-26] [6-0-0x621010-pWaitOnEvent]: START loop
C> (client:25152) [2009-10-16:10-02-26] [6-0-0x620bc0-MqProcessEvent]: START
C> (client:25152) [2009-10-16:10-02-26] [6-0-0x620bc0-pWaitOnEvent]: START loop
C> (client:25152) [2009-10-16:10-02-26] [6-0-0x620bc0-pWaitOnEvent]: END-OK
C> (client:25152) [2009-10-16:10-02-26] [6-0-0x620bc0-sMqEventStart]: START
C> (client:25152) [2009-10-16:10-02-26] [5-0-0x620bc0-pReadHDR]: HEADER <HDR+       0+      19+_SRT+1???+O+> ...
C> (client:25152) [2009-10-16:10-02-26] [6-0-0x620bc0-pReadHDR]: BDY -> 25 bytes
C> (client:25152) [2009-10-16:10-02-26] [5-0-0x620bc0-pTokenCheckSystem]: check token<_SRT>
C> (client:25152) [2009-10-16:10-02-26] [6-0-0x620bc0-MqProcessEvent]: END-OK
C> (client:25152) [2009-10-16:10-02-26] [4-0-0x620bc0-pWaitForToken]: wait for token<_PEO>
C> (client:25152) [2009-10-16:10-02-26] [6-0-0x620bc0-MqProcessEvent]: START
C> (client:25152) [2009-10-16:10-02-26] [6-0-0x620bc0-pWaitOnEvent]: START loop
C> (client:25152) [2009-10-16:10-02-26] [6-0-0x620bc0-pWaitOnEvent]: END-OK
C> (client:25152) [2009-10-16:10-02-26] [6-0-0x620bc0-sMqEventStart]: START
C> (client:25152) [2009-10-16:10-02-26] [5-0-0x620bc0-pReadHDR]: HEADER <HDR+       0+       0+_PEO+0???+O+> ...
C> (client:25152) [2009-10-16:10-02-26] [5-0-0x620bc0-pTokenCheckSystem]: check token<_PEO>
C> (client:25152) [2009-10-16:10-02-26] [6-0-0x620bc0-MqProcessEvent]: END-OK
C> (client:25152) [2009-10-16:10-02-26] [4-0-0x620bc0-pWaitForToken]: got token<_PEO>
C> (client:25152) [2009-10-16:10-02-26] [2-0-0x620bc0-MqLinkCreate]: END-CREATE string<no>, silent<no>, debug<9>, endian<0>
S> (server:25153) [2009-10-16:10-02-26] [6-0-0x621010-pWaitOnEvent]: END-OK
S> (server:25153) [2009-10-16:10-02-26] [6-0-0x621010-sMqEventStart]: START
S> (server:25153) [2009-10-16:10-02-26] [5-0-0x621010-pReadHDR]: HEADER <HDR+       0+     400+ECOU+1???+O+> ...
S> (server:25153) [2009-10-16:10-02-26] [6-0-0x621010-pReadHDR]: BDY -> 1024 bytes
S> (server:25153) [2009-10-16:10-02-26] [7-0-0x621010-pReadHDR]: >>>>> BDY size<1011> numItems<1>
S> (server:25153) [2009-10-16:10-02-26] [7-0-0x621010-pReadHDR]:    1000 : BIN : ?binary?
S> (server:25153) [2009-10-16:10-02-26] [7-0-0x621010-pReadHDR]: <<<<< BDY
S> (server:25153) [2009-10-16:10-02-26] [5-0-0x621010-pTokenCheckSystem]: check token<ECOU>
S> (server:25153) [2009-10-16:10-02-26] [6-0-0x621010-sMqEventStart]: END-OK
S> (server:25153) [2009-10-16:10-02-26] [6-0-0x621010-pWaitOnEvent]: START loop
C> (client:25152) [2009-10-16:10-02-26] [6-0-0x620bc0-MqProcessEvent]: START
C> (client:25152) [2009-10-16:10-02-26] [6-0-0x620bc0-pWaitOnEvent]: START loop
C> (client:25152) [2009-10-16:10-02-26] [6-0-0x620bc0-pWaitOnEvent]: END-OK
C> (client:25152) [2009-10-16:10-02-26] [6-0-0x620bc0-sMqEventStart]: START
C> (client:25152) [2009-10-16:10-02-26] [5-0-0x620bc0-pReadHDR]: HEADER <HDR+       0+     400+_RET+1???+O+> ...
C> (client:25152) [2009-10-16:10-02-26] [6-0-0x620bc0-pReadHDR]: BDY -> 1024 bytes
C> (client:25152) [2009-10-16:10-02-26] [7-0-0x620bc0-pReadHDR]: >>>>> BDY size<1011> numItems<1>
C> (client:25152) [2009-10-16:10-02-26] [7-0-0x620bc0-pReadHDR]:    1000 : BIN : ?binary?
C> (client:25152) [2009-10-16:10-02-26] [7-0-0x620bc0-pReadHDR]: <<<<< BDY
C> (client:25152) [2009-10-16:10-02-26] [5-0-0x620bc0-pTokenCheckSystem]: check token<_RET>
C> (client:25152) [2009-10-16:10-02-26] [6-0-0x620bc0-MqProcessEvent]: END-OK
C> (client:25152) [2009-10-16:10-02-26] [0-0-0x620bc0-main]: start: --------------------------------------
S> (server:25153) [2009-10-16:10-02-26] [6-0-0x621010-pWaitOnEvent]: END-OK
S> (server:25153) [2009-10-16:10-02-26] [6-0-0x621010-sMqEventStart]: START
S> (server:25153) [2009-10-16:10-02-26] [5-0-0x621010-pReadHDR]: HEADER <HDR+       0+      34+ECUL+1???+O+> ...
S> (server:25153) [2009-10-16:10-02-26] [6-0-0x621010-pReadHDR]: BDY -> 52 bytes
S> (server:25153) [2009-10-16:10-02-26] [7-0-0x621010-pReadHDR]: >>>>> BDY size<39> numItems<5>
S> (server:25153) [2009-10-16:10-02-26] [7-0-0x621010-pReadHDR]:       1 : BYT : -128
S> (server:25153) [2009-10-16:10-02-26] [7-0-0x621010-pReadHDR]:       2 : SRT : -32768
S> (server:25153) [2009-10-16:10-02-26] [7-0-0x621010-pReadHDR]:       4 : INT : -2147483648
S> (server:25153) [2009-10-16:10-02-26] [7-0-0x621010-pReadHDR]:       8 : WID : -9223372036854775808
S> (server:25153) [2009-10-16:10-02-26] [7-0-0x621010-pReadHDR]:       1 : BIN : ?binary?
S> (server:25153) [2009-10-16:10-02-26] [7-0-0x621010-pReadHDR]: <<<<< BDY
S> (server:25153) [2009-10-16:10-02-26] [5-0-0x621010-pTokenCheckSystem]: check token<ECUL>
S> (server:25153) [2009-10-16:10-02-26] [6-0-0x621010-sMqEventStart]: END-OK
S> (server:25153) [2009-10-16:10-02-26] [6-0-0x621010-pWaitOnEvent]: START loop
C> (client:25152) [2009-10-16:10-02-26] [6-0-0x620bc0-MqProcessEvent]: START
C> (client:25152) [2009-10-16:10-02-26] [6-0-0x620bc0-pWaitOnEvent]: START loop
C> (client:25152) [2009-10-16:10-02-26] [6-0-0x620bc0-pWaitOnEvent]: END-OK
C> (client:25152) [2009-10-16:10-02-26] [6-0-0x620bc0-sMqEventStart]: START
C> (client:25152) [2009-10-16:10-02-26] [5-0-0x620bc0-pReadHDR]: HEADER <HDR+       0+      34+_RET+1???+O+> ...
C> (client:25152) [2009-10-16:10-02-26] [6-0-0x620bc0-pReadHDR]: BDY -> 52 bytes
C> (client:25152) [2009-10-16:10-02-26] [7-0-0x620bc0-pReadHDR]: >>>>> BDY size<39> numItems<5>
C> (client:25152) [2009-10-16:10-02-26] [7-0-0x620bc0-pReadHDR]:       1 : BYT : -128
C> (client:25152) [2009-10-16:10-02-26] [7-0-0x620bc0-pReadHDR]:       2 : SRT : -32768
C> (client:25152) [2009-10-16:10-02-26] [7-0-0x620bc0-pReadHDR]:       4 : INT : -2147483648
C> (client:25152) [2009-10-16:10-02-26] [7-0-0x620bc0-pReadHDR]:       8 : WID : -9223372036854775808
C> (client:25152) [2009-10-16:10-02-26] [7-0-0x620bc0-pReadHDR]:       1 : BIN : ?binary?
C> (client:25152) [2009-10-16:10-02-26] [7-0-0x620bc0-pReadHDR]: <<<<< BDY
C> (client:25152) [2009-10-16:10-02-26] [5-0-0x620bc0-pTokenCheckSystem]: check token<_RET>
C> (client:25152) [2009-10-16:10-02-26] [6-0-0x620bc0-MqProcessEvent]: END-OK
C> (client:25152) [2009-10-16:10-02-26] [0-0-0x620bc0-statistics]:             MqSendEND_AND_WAIT:     487.00
C> (client:25152) [2009-10-16:10-02-26] [0-0-0x620bc0-main]: end: ----------------------------------------
C> (client:25152) [2009-10-16:10-02-26] [3-0-0x620bc0-MqExit]: EXIT
C> (client:25152) [2009-10-16:10-02-26] [4-0-0x620bc0-pMqShutdown]: START shutdown
C> (client:25152) [2009-10-16:10-02-26] [4-0-0x620bc0-pMqShutdown]: send token<_SHD>
S> (server:25153) [2009-10-16:10-02-26] [6-0-0x621010-pWaitOnEvent]: END-OK
S> (server:25153) [2009-10-16:10-02-26] [6-0-0x621010-sMqEventStart]: START
S> (server:25153) [2009-10-16:10-02-26] [5-0-0x621010-pReadHDR]: HEADER <HDR+       0+       0+_SHD+1???+O+> ...
S> (server:25153) [2009-10-16:10-02-26] [5-0-0x621010-pTokenCheckSystem]: check token<_SHD>
S> (server:25153) [2009-10-16:10-02-26] [4-0-0x621010-pMqShutdown]: START shutdown
S> (server:25153) [2009-10-16:10-02-26] [4-0-0x621010-pEventShutdown]: sock<4> DataLCur<0>
S> (server:25153) [2009-10-16:10-02-26] [4-0-0x621010-pMqShutdown]: END shutdown
S> (server:25153) [2009-10-16:10-02-26] [5-0-0x621010-MqProcessEvent]: detect EXIT in file 'msgque.c'
S> (server:25153) [2009-10-16:10-02-26] [3-0-0x621010-MqExit]: EXIT
S> (server:25153) [2009-10-16:10-02-26] [5-0-0x621010-SysCloseSocket]: PipeDelete - shutdown socket<4>
S> (server:25153) [2009-10-16:10-02-26] [5-0-0x621010-SysCloseSocket]: PipeDelete - close socket<4>
S> (server:25153) [2009-10-16:10-02-26] [2-0-0x621010-MqLinkDelete]: DELETE 
C> (client:25152) [2009-10-16:10-02-26] [6-0-0x620bc0-MqProcessEvent]: START
C> (client:25152) [2009-10-16:10-02-26] [6-0-0x620bc0-pWaitOnEvent]: START loop
C> (client:25152) [2009-10-16:10-02-26] [6-0-0x620bc0-pWaitOnEvent]: END-OK
C> (client:25152) [2009-10-16:10-02-26] [6-0-0x620bc0-sMqEventStart]: START
C> (client:25152) [2009-10-16:10-02-26] [5-0-0x620bc0-pReadHDR]: HEADER <HDR+       0+       0+_SRT+1???+O+> ...
C> (client:25152) [2009-10-16:10-02-26] [5-0-0x620bc0-pTokenCheckSystem]: check token<_SRT>
C> (client:25152) [2009-10-16:10-02-26] [6-0-0x620bc0-MqProcessEvent]: END-OK
C> (client:25152) [2009-10-16:10-02-26] [4-0-0x620bc0-pEventShutdown]: sock<3> DataLCur<0>
C> (client:25152) [2009-10-16:10-02-26] [4-0-0x620bc0-pMqShutdown]: END shutdown
C> (client:25152) [2009-10-16:10-02-26] [5-0-0x620bc0-SysCloseSocket]: PipeDelete - shutdown socket<3>
C> (client:25152) [2009-10-16:10-02-26] [5-0-0x620bc0-SysCloseSocket]: PipeDelete - close socket<3>
C> (client:25152) [2009-10-16:10-02-26] [2-0-0x620bc0-MqLinkDelete]: DELETE 
